\BOOKMARK [0][-]{chapter.1}{\376\377\000S\000t\000r\000e\000s\000z\000c\000z\000e\000n\000i\000e}{}% 1
\BOOKMARK [1][-]{section.1.1}{\376\377\000S\000t\000r\000e\000s\000z\000c\000z\000e\000n\000i\000e\000\040\000w\000\040\000j\001\031\000z\000y\000k\000u\000\040\000p\000o\000l\000s\000k\000i\000m}{chapter.1}% 2
\BOOKMARK [1][-]{section.1.2}{\376\377\000S\000u\000m\000m\000a\000r\000y\000\040\000i\000n\000\040\000E\000n\000g\000l\000i\000s\000h}{chapter.1}% 3
\BOOKMARK [0][-]{chapter.2}{\376\377\000W\000i\000z\000j\000a\000\040\000i\000\040\000c\000e\000l\000e\000\040\000p\000r\000o\000j\000e\000k\000t\000u}{}% 4
\BOOKMARK [1][-]{section.2.1}{\376\377\000K\000l\000u\000c\000z\000o\000w\000e\000\040\000m\000o\001\174\000l\000i\000w\000o\001\133\000c\000i\000\040\000a\000p\000l\000i\000k\000a\000c\000j\000i}{chapter.2}% 5
\BOOKMARK [1][-]{section.2.2}{\376\377\000J\000a\000k\000o\001\133\001\007\000\040\000i\000\040\000d\000o\001\133\000w\000i\000a\000d\000c\000z\000e\000n\000i\000e\000\040\000u\001\174\000y\000t\000k\000o\000w\000n\000i\000k\000a}{chapter.2}% 6
\BOOKMARK [0][-]{chapter.3}{\376\377\000O\000p\000i\000s\000\040\000s\000t\000r\000u\000k\000t\000u\000r\000y\000\040\000p\000r\000o\000j\000e\000k\000t\000u}{}% 7
\BOOKMARK [1][-]{section.3.1}{\376\377\000W\000y\000k\000o\000r\000z\000y\000s\000t\000a\000n\000e\000\040\000t\000e\000c\000h\000n\000o\000l\000o\000g\000i\000e\000\040\000i\000\040\000n\000a\000r\000z\001\031\000d\000z\000i\000a}{chapter.3}% 8
\BOOKMARK [1][-]{section.3.2}{\376\377\000A\000r\000c\000h\000i\000t\000e\000k\000t\000u\000r\000a\000\040\000i\000\040\000h\000i\000e\000r\000a\000r\000c\000h\000i\000a\000\040\000k\000l\000a\000s}{chapter.3}% 9
\BOOKMARK [2][-]{subsection.3.2.1}{\376\377\000D\000i\000a\000g\000r\000a\000m\000\040\000k\000l\000a\000s\000\040\000U\000M\000L}{section.3.2}% 10
\BOOKMARK [1][-]{section.3.3}{\376\377\000Z\000a\000r\000z\001\005\000d\000z\000a\000n\000i\000e\000\040\000d\000a\000n\000y\000m\000i\000\040\000i\000\040\000b\000a\000z\000a\000\040\000d\000a\000n\000y\000c\000h}{chapter.3}% 11
\BOOKMARK [1][-]{section.3.4}{\376\377\000W\000y\000m\000a\000g\000a\000n\000i\000a\000\040\000s\000y\000s\000t\000e\000m\000o\000w\000e}{chapter.3}% 12
\BOOKMARK [0][-]{chapter.4}{\376\377\000H\000a\000r\000m\000o\000n\000o\000g\000r\000a\000m\000\040\000i\000\040\000Z\000a\000r\000z\001\005\000d\000z\000a\000n\000i\000e\000\040\000P\000r\000o\000j\000e\000k\000t\000e\000m}{}% 13
\BOOKMARK [1][-]{section.4.1}{\376\377\000H\000a\000r\000m\000o\000n\000o\000g\000r\000a\000m\000\040\000r\000e\000a\000l\000i\000z\000a\000c\000j\000i\000\040\000-\000\040\000D\000i\000a\000g\000r\000a\000m\000\040\000G\000a\000n\000t\000a}{chapter.4}% 14
\BOOKMARK [1][-]{section.4.2}{\376\377\000N\000a\000p\000o\000t\000k\000a\000n\000e\000\040\000w\000y\000z\000w\000a\000n\000i\000a\000\040\000i\000\040\000r\000o\000z\000w\000i\001\005\000z\000a\000n\000i\000a}{chapter.4}% 15
\BOOKMARK [1][-]{section.4.3}{\376\377\000S\000y\000s\000t\000e\000m\000\040\000k\000o\000n\000t\000r\000o\000l\000i\000\040\000w\000e\000r\000s\000j\000i\000\040\000i\000\040\000r\000e\000p\000o\000z\000y\000t\000o\000r\000i\000u\000m}{chapter.4}% 16
\BOOKMARK [0][-]{chapter.5}{\376\377\000P\000r\000e\000z\000e\000n\000t\000a\000c\000j\000a\000\040\000w\000a\000r\000s\000t\000w\000y\000\040\000u\001\174\000y\000t\000k\000o\000w\000e\000j\000\040\000p\000r\000o\000j\000e\000k\000t\000u}{}% 17
\BOOKMARK [1][-]{section.5.1}{\376\377\000E\000k\000r\000a\000n\000\040\000G\001\102\000\363\000w\000n\000y\000\040\000i\000\040\000P\000r\000o\000c\000e\000s\000\040\000L\000o\000g\000o\000w\000a\000n\000i\000a}{chapter.5}% 18
\BOOKMARK [1][-]{section.5.2}{\376\377\000I\000n\000t\000e\000r\000f\000e\000j\000s\000\040\000K\000l\000i\000e\000n\000t\000a}{chapter.5}% 19
\BOOKMARK [2][-]{subsection.5.2.1}{\376\377\000P\000a\000n\000e\000l\000\040\000K\000l\000i\000e\000n\000t\000a\000\040\000D\000e\000t\000a\000l\000i\000c\000z\000n\000e\000g\000o}{section.5.2}% 20
\BOOKMARK [2][-]{subsection.5.2.2}{\376\377\000P\000a\000n\000e\000l\000\040\000K\000l\000i\000e\000n\000t\000a\000\040\000H\000u\000r\000t\000o\000w\000e\000g\000o}{section.5.2}% 21
\BOOKMARK [1][-]{section.5.3}{\376\377\000P\000a\000n\000e\000l\000\040\000A\000d\000m\000i\000n\000i\000s\000t\000r\000a\000t\000o\000r\000a}{chapter.5}% 22
\BOOKMARK [2][-]{subsection.5.3.1}{\376\377\000Z\000a\000r\000z\001\005\000d\000z\000a\000n\000i\000e\000\040\000K\000l\000i\000e\000n\000t\000a\000m\000i\000\040\000i\000\040\000i\000c\000h\000\040\000s\000z\000c\000z\000e\000g\000\363\001\102\000y}{section.5.3}% 23
\BOOKMARK [2][-]{subsection.5.3.2}{\376\377\000Z\000a\000r\000z\001\005\000d\000z\000a\000n\000i\000e\000\040\000M\000a\000g\000a\000z\000y\000n\000e\000m}{section.5.3}% 24
\BOOKMARK [2][-]{subsection.5.3.3}{\376\377\000Z\000a\000r\000z\001\005\000d\000z\000a\000n\000i\000e\000\040\000T\000r\000a\000n\000s\000a\000k\000c\000j\000a\000m\000i}{section.5.3}% 25
\BOOKMARK [0][-]{chapter.6}{\376\377\000T\000e\000s\000t\000o\000w\000a\000n\000i\000e\000\040\000a\000p\000l\000i\000k\000a\000c\000j\000i}{}% 26
\BOOKMARK [1][-]{section.6.1}{\376\377\000T\000e\000s\000t\000o\000w\000a\000n\000i\000e\000\040\000m\000a\000n\000u\000a\000l\000n\000e}{chapter.6}% 27
\BOOKMARK [2][-]{subsection.6.1.1}{\376\377\000T\000e\000s\000t\000y\000\040\000s\000c\000e\000n\000a\000r\000i\000u\000s\000z\000y\000\040\000l\000o\000g\000o\000w\000a\000n\000i\000a\000\040\000i\000\040\000r\000e\000j\000e\000s\000t\000r\000a\000c\000j\000i}{section.6.1}% 28
\BOOKMARK [2][-]{subsection.6.1.2}{\376\377\000T\000e\000s\000t\000y\000\040\000p\000r\000o\000c\000e\000s\000u\000\040\000z\000a\000m\000a\000w\000i\000a\000n\000i\000a\000\040\000d\000l\000a\000\040\000k\000l\000i\000e\000n\000t\000a\000\040\000d\000e\000t\000a\000l\000i\000c\000z\000n\000e\000g\000o}{section.6.1}% 29
\BOOKMARK [2][-]{subsection.6.1.3}{\376\377\000T\000e\000s\000t\000y\000\040\000s\000p\000e\000c\000y\000f\000i\000c\000z\000n\000y\000c\000h\000\040\000s\000c\000e\000n\000a\000r\000i\000u\000s\000z\000y\000\040\000k\000l\000i\000e\000n\000t\000a\000\040\000h\000u\000r\000t\000o\000w\000e\000g\000o}{section.6.1}% 30
\BOOKMARK [2][-]{subsection.6.1.4}{\376\377\000T\000e\000s\000t\000y\000\040\000w\000a\000l\000i\000d\000a\000c\000j\000i\000\040\000p\000\363\000l\000\040\000i\000\040\000z\000a\000b\000e\000z\000p\000i\000e\000c\000z\000e\001\104}{section.6.1}% 31
\BOOKMARK [0][-]{chapter.7}{\376\377\000I\000m\000p\000l\000e\000m\000e\000n\000t\000a\000c\000j\000a\000\040\000i\000\040\000K\000l\000u\000c\000z\000o\000w\000e\000\040\000F\000r\000a\000g\000m\000e\000n\000t\000y\000\040\000K\000o\000d\000u}{}% 32
\BOOKMARK [1][-]{section.7.1}{\376\377\000W\000y\000b\000r\000a\000n\000e\000\040\000M\000e\000t\000o\000d\000y\000\040\000U\000s\000p\000r\000a\000w\000n\000i\000a\000j\001\005\000c\000e\000\040\000P\000r\000a\000c\001\031}{chapter.7}% 33
\BOOKMARK [2][-]{subsection.7.1.1}{\376\377\000M\000e\000t\000o\000d\000a\000\040\000c\000r\000e\000a\000t\000e\000S\000t\000y\000l\000e\000d\000B\000u\000t\000t\000o\000n\000\040\000-\000\040\000U\000j\000e\000d\000n\000o\000l\000i\000c\000e\000n\000i\000e\000\040\000W\000y\000g\000l\001\005\000d\000u\000\040\000P\000r\000z\000y\000c\000i\000s\000k\000\363\000w}{section.7.1}% 34
\BOOKMARK [2][-]{subsection.7.1.2}{\376\377\000M\000e\000t\000o\000d\000a\000\040\000g\000e\000t\000C\000o\000n\000n\000e\000c\000t\000i\000o\000n\000\040\000-\000\040\000E\000f\000e\000k\000t\000y\000w\000n\000e\000\040\000Z\000a\000r\000z\001\005\000d\000z\000a\000n\000i\000e\000\040\000P\000o\001\102\001\005\000c\000z\000e\000n\000i\000a\000m\000i\000\040\000z\000\040\000B\000a\000z\001\005\000\040\000D\000a\000n\000y\000c\000h}{section.7.1}% 35
\BOOKMARK [1][-]{section.7.2}{\376\377\000I\000n\000n\000e\000\040\000I\000s\000t\000o\000t\000n\000e\000\040\000F\000r\000a\000g\000m\000e\000n\000t\000y\000\040\000K\000o\000d\000u}{chapter.7}% 36
\BOOKMARK [2][-]{subsection.7.2.1}{\376\377\000I\000n\000t\000e\000g\000r\000a\000c\000j\000a\000\040\000i\000\040\000U\001\174\000y\000c\000i\000e\000\040\000K\000a\000l\000e\000n\000d\000a\000r\000z\000a\000\040\000L\000G\000o\000o\000d\000D\000a\000t\000e\000P\000i\000c\000k\000e\000r}{section.7.2}% 37
\BOOKMARK [0][-]{chapter.8}{\376\377\000P\000o\000d\000s\000u\000m\000o\000w\000a\000n\000i\000e}{}% 38
\BOOKMARK [1][-]{section.8.1}{\376\377\000W\000n\000i\000o\000s\000k\000i}{chapter.8}% 39
\BOOKMARK [1][-]{section.8.2}{\376\377\000P\000r\000o\000p\000o\000z\000y\000c\000j\000e\000\040\000d\000a\000l\000s\000z\000e\000g\000o\000\040\000r\000o\000z\000w\000o\000j\000u}{chapter.8}% 40
\BOOKMARK [1][-]{section*.12}{\376\377\000B\000i\000b\000l\000i\000o\000g\000r\000a\000f\000i\000a}{chapter.8}% 41
\BOOKMARK [1][-]{section*.14}{\376\377\000S\000p\000i\000s\000\040\000r\000y\000s\000u\000n\000k\000\363\000w}{chapter.8}% 42
\BOOKMARK [1][-]{section*.15}{\376\377\000S\000p\000i\000s\000\040\000l\000i\000s\000t\000i\000n\000g\000\363\000w}{chapter.8}% 43
\BOOKMARK [1][-]{chapter*.17}{\376\377\000O\001\133\000w\000i\000a\000d\000c\000z\000e\000n\000i\000e\000\040\000s\000t\000u\000d\000e\000n\000t\000a\000\040\000o\000\040\000s\000a\000m\000o\000d\000z\000i\000e\000l\000n\000o\001\133\000c\000i\000\040\000p\000r\000a\000c\000y}{chapter.8}% 44
